#
# A fatal error has been detected by the Java Runtime Environment:
#
#  EXCEPTION_ACCESS_VIOLATION (0xc0000005) at pc=0x0000000067e37a4e, pid=11100, tid=7048
#
# JRE version: Java(TM) SE Runtime Environment (9.0+11) (build 9.0.1+11)
# Java VM: Java HotSpot(TM) 64-Bit Server VM (9.0.1+11, mixed mode, tiered, compressed oops, g1 gc, windows-amd64)
# Problematic frame:
# V  [jvm.dll+0x217a4e]
#
# No core dump will be written. Minidumps are not enabled by default on client versions of Windows
#
# If you would like to submit a bug report, please visit:
#   http://bugreport.java.com/bugreport/crash.jsp
#

---------------  S U M M A R Y ------------

Command Line: -agentlib:jdwp=transport=dt_socket,address=127.0.0.1:55734,suspend=y,server=n -Dfile.encoding=UTF-8 Voronoi

Host: Intel(R) Core(TM) i5-7200U CPU @ 2.50GHz, 4 cores, 7G,  Windows 10 , 64 bit Build 15063 (10.0.15063.296)
Time: Sat Nov 25 22:48:51 2017 GMT Standard Time elapsed time: 1247 seconds (0d 0h 20m 47s)

---------------  T H R E A D  ---------------

Current thread (0x0000017977fb3000):  VMThread "VM Thread" [stack: 0x0000001d0d100000,0x0000001d0d200000] [id=7048]

Stack: [0x0000001d0d100000,0x0000001d0d200000],  sp=0x0000001d0d1fea78,  free space=1018k
Native frames: (J=compiled Java code, j=interpreted, Vv=VM code, C=native code)
V  [jvm.dll+0x217a4e]


siginfo: EXCEPTION_ACCESS_VIOLATION (0xc0000005), reading address 0x00000179924f8c58


Register to memory mapping:

RIP=0x0000000067e37a4e jvm.dll
RAX=0x000000001aa00c20 is an unknown value
RBX=0x0000000000000001 is an unknown value
RCX=0x0000017977af8028 is pointing into metadata
RDX=0x0000000000d50061 is an unknown value
RSP=0x0000001d0d1fea78 is an unknown value
RBP=0x0000001d0d1fefd0 is an unknown value
RSI=0x0000001d0d1ff160 is an unknown value
RDI=0x0000001d0d1ff160 is an unknown value
R8 =0x0000000000000000 is an unknown value
R9 =0x0000017977ae1028 is pointing into metadata
R10=0x0000001d0d1feee0 is an unknown value
R11=0x0000001d0d1fef10 is an unknown value
R12=0x0000001d0d1ff301 is an unknown value
R13=0x0000000000000000 is an unknown value
R14=0x000000000000000b is an unknown value
R15=0x00000000000001b8 is an unknown value


Registers:
RAX=0x000000001aa00c20, RBX=0x0000000000000001, RCX=0x0000017977af8028, RDX=0x0000000000d50061
RSP=0x0000001d0d1fea78, RBP=0x0000001d0d1fefd0, RSI=0x0000001d0d1ff160, RDI=0x0000001d0d1ff160
R8 =0x0000000000000000, R9 =0x0000017977ae1028, R10=0x0000001d0d1feee0, R11=0x0000001d0d1fef10
R12=0x0000001d0d1ff301, R13=0x0000000000000000, R14=0x000000000000000b, R15=0x00000000000001b8
RIP=0x0000000067e37a4e, EFLAGS=0x0000000000010202

Top of Stack: (sp=0x0000001d0d1fea78)
0x0000001d0d1fea78:   0000000067f13f50 0000000000000000
0x0000001d0d1fea88:   0000001d0d1ff160 0000001d0d1feaf0
0x0000001d0d1fea98:   0000000000000008 0000000000000000
0x0000001d0d1feaa8:   00007ff9920087ef 00000000683bba20
0x0000001d0d1feab8:   0000017977670328 0000000000000002
0x0000001d0d1feac8:   0000001d0000000a 0000001d0d1feaf0
0x0000001d0d1fead8:   00007ff900000001 000000002fffffff
0x0000001d0d1feae8:   0000017900000000 4fffffff4fffffff
0x0000001d0d1feaf8:   2fffffff2fffffff 2fffffff2fffffff
0x0000001d0d1feb08:   2fffffff2fffffff 0000001d2fffffff
0x0000001d0d1feb18:   0000000000000002 0000000000000000
0x0000001d0d1feb28:   0000000067eee5ff 4fffffff4fffffff
0x0000001d0d1feb38:   2fffffff2fffffff 000000002fffffff
0x0000001d0d1feb48:   000000006821fa38 0000001d0d1febb0
0x0000001d0d1feb58:   0000000002000002 0000000000000002
0x0000001d0d1feb68:   0000000000000000 0000001d0d1ff160 

Instructions: (pc=0x0000000067e37a4e)
0x0000000067e37a2e:   cc cc 4c 8b c9 45 84 c0 75 47 48 8b 49 10 48 85
0x0000000067e37a3e:   c9 74 3e 85 d2 79 13 f7 d2 48 63 c2 48 c1 e0 05
0x0000000067e37a4e:   48 8b 44 08 10 0f b7 c0 eb 12 48 63 c2 48 c1 e0
0x0000000067e37a5e:   05 48 8b 44 08 10 0f b7 d0 48 63 c2 41 0f b7 4c 


VM_Operation (0x0000001d0dbff760): GetOrSetLocal, mode: safepoint, requested by thread 0x00000179782f6000


---------------  P R O C E S S  ---------------

Java Threads: ( => current thread )
  0x0000017978324800 JavaThread "AWT-Windows" daemon [_thread_in_native, id=4460, stack(0x0000001d0e300000,0x0000001d0e400000)]
  0x0000017978774800 JavaThread "Java2D Disposer" daemon [_thread_blocked, id=8600, stack(0x0000001d0e100000,0x0000001d0e200000)]
  0x000001797831e000 JavaThread "Service Thread" daemon [_thread_blocked, id=4264, stack(0x0000001d0de00000,0x0000001d0df00000)]
  0x0000017978309000 JavaThread "JDWP Command Reader" daemon [_thread_in_native, id=7876, stack(0x0000001d0dd00000,0x0000001d0de00000)]
  0x00000179782f9800 JavaThread "JDWP Event Helper Thread" daemon [_thread_blocked, id=10392, stack(0x0000001d0dc00000,0x0000001d0dd00000)]
  0x00000179782f6000 JavaThread "JDWP Transport Listener: dt_socket" daemon [_thread_blocked, id=10404, stack(0x0000001d0db00000,0x0000001d0dc00000)]
  0x00000179780a3000 JavaThread "Common-Cleaner" daemon [_thread_blocked, id=9696, stack(0x0000001d0da00000,0x0000001d0db00000)]
  0x000001797808e000 JavaThread "Sweeper thread" daemon [_thread_blocked, id=4820, stack(0x0000001d0d900000,0x0000001d0da00000)]
  0x0000017978089800 JavaThread "C1 CompilerThread2" daemon [_thread_blocked, id=1624, stack(0x0000001d0d800000,0x0000001d0d900000)]
  0x0000017978088800 JavaThread "C2 CompilerThread1" daemon [_thread_blocked, id=7604, stack(0x0000001d0d700000,0x0000001d0d800000)]
  0x0000017978018800 JavaThread "C2 CompilerThread0" daemon [_thread_blocked, id=5660, stack(0x0000001d0d600000,0x0000001d0d700000)]
  0x0000017978017800 JavaThread "Attach Listener" daemon [_thread_blocked, id=4660, stack(0x0000001d0d500000,0x0000001d0d600000)]
  0x0000017978016800 JavaThread "Signal Dispatcher" daemon [_thread_blocked, id=10428, stack(0x0000001d0d400000,0x0000001d0d500000)]
  0x0000017977fc5000 JavaThread "Finalizer" daemon [_thread_blocked, id=10416, stack(0x0000001d0d300000,0x0000001d0d400000)]
  0x0000017977fb8800 JavaThread "Reference Handler" daemon [_thread_blocked, id=6128, stack(0x0000001d0d200000,0x0000001d0d300000)]
  0x0000017954d2c000 JavaThread "main" [_thread_blocked, id=7360, stack(0x0000001d0c500000,0x0000001d0c600000)]

Other Threads:
=>0x0000017977fb3000 VMThread "VM Thread" [stack: 0x0000001d0d100000,0x0000001d0d200000] [id=7048]
  0x0000017978320800 WatcherThread [stack: 0x0000001d0df00000,0x0000001d0e000000] [id=5616]
  0x0000017954d44000 GCTaskThread "GC Thread#0" [stack: 0x0000001d0c600000,0x0000001d0c700000] [id=6040]
  0x0000017954d45000 GCTaskThread "GC Thread#1" [stack: 0x0000001d0c700000,0x0000001d0c800000] [id=3956]
  0x0000017954d47000 GCTaskThread "GC Thread#2" [stack: 0x0000001d0c800000,0x0000001d0c900000] [id=10372]
  0x0000017954d49000 GCTaskThread "GC Thread#3" [stack: 0x0000001d0c900000,0x0000001d0ca00000] [id=4856]
  0x0000017954dc5000 ConcurrentGCThread "G1 Main Marker" [stack: 0x0000001d0cf00000,0x0000001d0d000000] [id=10904]
  0x0000017954dc6000 ConcurrentGCThread "G1 Marker#0" [stack: 0x0000001d0d000000,0x0000001d0d100000] [id=10900]
  0x0000017954d5a800 ConcurrentGCThread "G1 Refine#0" [stack: 0x0000001d0cd00000,0x0000001d0ce00000] [id=11120]
  0x0000017954d55800 ConcurrentGCThread "G1 Refine#1" [stack: 0x0000001d0cc00000,0x0000001d0cd00000] [id=10924]
  0x0000017954d54800 ConcurrentGCThread "G1 Refine#2" [stack: 0x0000001d0cb00000,0x0000001d0cc00000] [id=10920]
  0x0000017954d4b800 ConcurrentGCThread "G1 Refine#3" [stack: 0x0000001d0ca00000,0x0000001d0cb00000] [id=11152]
  0x0000017954d5c000 ConcurrentGCThread "G1 Young RemSet Sampling" [stack: 0x0000001d0ce00000,0x0000001d0cf00000] [id=10928]

Threads with active compile tasks:

VM state:at safepoint (normal execution)

VM Mutex/Monitor currently owned by a thread:  ([mutex/lock_event])
[0x0000017954d2acc0] Threads_lock - owner thread: 0x0000017977fb3000

Heap address: 0x0000000081e00000, size: 2018 MB, Compressed Oops mode: 32-bit
Narrow klass base: 0x0000000000000000, Narrow klass shift: 3
Compressed class space size: 1073741824 Address: 0x0000000100000000

Heap:
 garbage-first heap   total 131072K, used 4703K [0x0000000081e00000, 0x0000000081f00400, 0x0000000100000000)
  region size 1024K, 5 young (5120K), 2 survivors (2048K)
 Metaspace       used 11595K, capacity 13116K, committed 13440K, reserved 1060864K
  class space    used 1281K, capacity 1577K, committed 1664K, reserved 1048576K
Heap Regions: E=young(eden), S=young(survivor), O=old, HS=humongous(starts), HC=humongous(continues), CS=collection set, F=free, A=archive, TS=gc time stamp, AC=allocation context, TAMS=top-at-mark-start (previous, next)
|   0|0x0000000081e00000, 0x0000000081e97e00, 0x0000000081f00000| 59%| O|  |TS  1|AC  0|TAMS 0x0000000081e00000, 0x0000000081e00000|
|   1|0x0000000081f00000, 0x0000000081f00000, 0x0000000082000000|  0%| F|  |TS  0|AC  0|TAMS 0x0000000081f00000, 0x0000000081f00000|
|   2|0x0000000082000000, 0x0000000082000000, 0x0000000082100000|  0%| F|  |TS  0|AC  0|TAMS 0x0000000082000000, 0x0000000082000000|
|   3|0x0000000082100000, 0x0000000082100000, 0x0000000082200000|  0%| F|  |TS  0|AC  0|TAMS 0x0000000082100000, 0x0000000082100000|
|   4|0x0000000082200000, 0x0000000082200000, 0x0000000082300000|  0%| F|  |TS  0|AC  0|TAMS 0x0000000082200000, 0x0000000082200000|
|   5|0x0000000082300000, 0x0000000082300000, 0x0000000082400000|  0%| F|  |TS  0|AC  0|TAMS 0x0000000082300000, 0x0000000082300000|
|   6|0x0000000082400000, 0x0000000082400000, 0x0000000082500000|  0%| F|  |TS  0|AC  0|TAMS 0x0000000082400000, 0x0000000082400000|
|   7|0x0000000082500000, 0x0000000082500000, 0x0000000082600000|  0%| F|  |TS  0|AC  0|TAMS 0x0000000082500000, 0x0000000082500000|
|   8|0x0000000082600000, 0x0000000082600000, 0x0000000082700000|  0%| F|  |TS  0|AC  0|TAMS 0x0000000082600000, 0x0000000082600000|
|   9|0x0000000082700000, 0x0000000082700000, 0x0000000082800000|  0%| F|  |TS  0|AC  0|TAMS 0x0000000082700000, 0x0000000082700000|
|  10|0x0000000082800000, 0x0000000082800000, 0x0000000082900000|  0%| F|  |TS  0|AC  0|TAMS 0x0000000082800000, 0x0000000082800000|
|  11|0x0000000082900000, 0x0000000082900000, 0x0000000082a00000|  0%| F|  |TS  0|AC  0|TAMS 0x0000000082900000, 0x0000000082900000|
|  12|0x0000000082a00000, 0x0000000082a00000, 0x0000000082b00000|  0%| F|  |TS  0|AC  0|TAMS 0x0000000082a00000, 0x0000000082a00000|
|  13|0x0000000082b00000, 0x0000000082b00000, 0x0000000082c00000|  0%| F|  |TS  0|AC  0|TAMS 0x0000000082b00000, 0x0000000082b00000|
|  14|0x0000000082c00000, 0x0000000082c00000, 0x0000000082d00000|  0%| F|  |TS  0|AC  0|TAMS 0x0000000082c00000, 0x0000000082c00000|
|  15|0x0000000082d00000, 0x0000000082d00000, 0x0000000082e00000|  0%| F|  |TS  0|AC  0|TAMS 0x0000000082d00000, 0x0000000082d00000|
|  16|0x0000000082e00000, 0x0000000082e00000, 0x0000000082f00000|  0%| F|  |TS  0|AC  0|TAMS 0x0000000082e00000, 0x0000000082e00000|
|  17|0x0000000082f00000, 0x0000000082f00000, 0x0000000083000000|  0%| F|  |TS  0|AC  0|TAMS 0x0000000082f00000, 0x0000000082f00000|
|  18|0x0000000083000000, 0x0000000083000000, 0x0000000083100000|  0%| F|  |TS  0|AC  0|TAMS 0x0000000083000000, 0x0000000083000000|
|  19|0x0000000083100000, 0x0000000083100000, 0x0000000083200000|  0%| F|  |TS  0|AC  0|TAMS 0x0000000083100000, 0x0000000083100000|
|  20|0x0000000083200000, 0x0000000083200000, 0x0000000083300000|  0%| F|  |TS  0|AC  0|TAMS 0x0000000083200000, 0x0000000083200000|
|  21|0x0000000083300000, 0x0000000083300000, 0x0000000083400000|  0%| F|  |TS  0|AC  0|TAMS 0x0000000083300000, 0x0000000083300000|
|  22|0x0000000083400000, 0x0000000083400000, 0x0000000083500000|  0%| F|  |TS  0|AC  0|TAMS 0x0000000083400000, 0x0000000083400000|
|  23|0x0000000083500000, 0x0000000083500000, 0x0000000083600000|  0%| F|  |TS  0|AC  0|TAMS 0x0000000083500000, 0x0000000083500000|
|  24|0x0000000083600000, 0x0000000083600000, 0x0000000083700000|  0%| F|  |TS  0|AC  0|TAMS 0x0000000083600000, 0x0000000083600000|
|  25|0x0000000083700000, 0x0000000083700000, 0x0000000083800000|  0%| F|  |TS  0|AC  0|TAMS 0x0000000083700000, 0x0000000083700000|
|  26|0x0000000083800000, 0x0000000083800000, 0x0000000083900000|  0%| F|  |TS  0|AC  0|TAMS 0x0000000083800000, 0x0000000083800000|
|  27|0x0000000083900000, 0x0000000083900000, 0x0000000083a00000|  0%| F|  |TS  0|AC  0|TAMS 0x0000000083900000, 0x0000000083900000|
|  28|0x0000000083a00000, 0x0000000083a00000, 0x0000000083b00000|  0%| F|  |TS  0|AC  0|TAMS 0x0000000083a00000, 0x0000000083a00000|
|  29|0x0000000083b00000, 0x0000000083b00000, 0x0000000083c00000|  0%| F|  |TS  0|AC  0|TAMS 0x0000000083b00000, 0x0000000083b00000|
|  30|0x0000000083c00000, 0x0000000083c00000, 0x0000000083d00000|  0%| F|  |TS  0|AC  0|TAMS 0x0000000083c00000, 0x0000000083c00000|
|  31|0x0000000083d00000, 0x0000000083d00000, 0x0000000083e00000|  0%| F|  |TS  0|AC  0|TAMS 0x0000000083d00000, 0x0000000083d00000|
|  32|0x0000000083e00000, 0x0000000083e00000, 0x0000000083f00000|  0%| F|  |TS  0|AC  0|TAMS 0x0000000083e00000, 0x0000000083e00000|
|  33|0x0000000083f00000, 0x0000000083f00000, 0x0000000084000000|  0%| F|  |TS  0|AC  0|TAMS 0x0000000083f00000, 0x0000000083f00000|
|  34|0x0000000084000000, 0x0000000084000000, 0x0000000084100000|  0%| F|  |TS  0|AC  0|TAMS 0x0000000084000000, 0x0000000084000000|
|  35|0x0000000084100000, 0x0000000084100000, 0x0000000084200000|  0%| F|  |TS  0|AC  0|TAMS 0x0000000084100000, 0x0000000084100000|
|  36|0x0000000084200000, 0x0000000084200000, 0x0000000084300000|  0%| F|  |TS  0|AC  0|TAMS 0x0000000084200000, 0x0000000084200000|
|  37|0x0000000084300000, 0x0000000084300000, 0x0000000084400000|  0%| F|  |TS  0|AC  0|TAMS 0x0000000084300000, 0x0000000084300000|
|  38|0x0000000084400000, 0x0000000084400000, 0x0000000084500000|  0%| F|  |TS  0|AC  0|TAMS 0x0000000084400000, 0x0000000084400000|
|  39|0x0000000084500000, 0x0000000084500000, 0x0000000084600000|  0%| F|  |TS  0|AC  0|TAMS 0x0000000084500000, 0x0000000084500000|
|  40|0x0000000084600000, 0x0000000084600000, 0x0000000084700000|  0%| F|  |TS  0|AC  0|TAMS 0x0000000084600000, 0x0000000084600000|
|  41|0x0000000084700000, 0x0000000084700000, 0x0000000084800000|  0%| F|  |TS  0|AC  0|TAMS 0x0000000084700000, 0x0000000084700000|
|  42|0x0000000084800000, 0x0000000084800000, 0x0000000084900000|  0%| F|  |TS  0|AC  0|TAMS 0x0000000084800000, 0x0000000084800000|
|  43|0x0000000084900000, 0x0000000084900000, 0x0000000084a00000|  0%| F|  |TS  0|AC  0|TAMS 0x0000000084900000, 0x0000000084900000|
|  44|0x0000000084a00000, 0x0000000084a00000, 0x0000000084b00000|  0%| F|  |TS  0|AC  0|TAMS 0x0000000084a00000, 0x0000000084a00000|
|  45|0x0000000084b00000, 0x0000000084b00000, 0x0000000084c00000|  0%| F|  |TS  0|AC  0|TAMS 0x0000000084b00000, 0x0000000084b00000|
|  46|0x0000000084c00000, 0x0000000084c00000, 0x0000000084d00000|  0%| F|  |TS  0|AC  0|TAMS 0x0000000084c00000, 0x0000000084c00000|
|  47|0x0000000084d00000, 0x0000000084d00000, 0x0000000084e00000|  0%| F|  |TS  0|AC  0|TAMS 0x0000000084d00000, 0x0000000084d00000|
|  48|0x0000000084e00000, 0x0000000084e00000, 0x0000000084f00000|  0%| F|  |TS  0|AC  0|TAMS 0x0000000084e00000, 0x0000000084e00000|
|  49|0x0000000084f00000, 0x0000000084f00000, 0x0000000085000000|  0%| F|  |TS  0|AC  0|TAMS 0x0000000084f00000, 0x0000000084f00000|
|  50|0x0000000085000000, 0x0000000085000000, 0x0000000085100000|  0%| F|  |TS  0|AC  0|TAMS 0x0000000085000000, 0x0000000085000000|
|  51|0x0000000085100000, 0x0000000085100000, 0x0000000085200000|  0%| F|  |TS  0|AC  0|TAMS 0x0000000085100000, 0x0000000085100000|
|  52|0x0000000085200000, 0x0000000085200000, 0x0000000085300000|  0%| F|  |TS  0|AC  0|TAMS 0x0000000085200000, 0x0000000085200000|
|  53|0x0000000085300000, 0x0000000085300000, 0x0000000085400000|  0%| F|  |TS  0|AC  0|TAMS 0x0000000085300000, 0x0000000085300000|
|  54|0x0000000085400000, 0x0000000085400000, 0x0000000085500000|  0%| F|  |TS  0|AC  0|TAMS 0x0000000085400000, 0x0000000085400000|
|  55|0x0000000085500000, 0x0000000085500000, 0x0000000085600000|  0%| F|  |TS  0|AC  0|TAMS 0x0000000085500000, 0x0000000085500000|
|  56|0x0000000085600000, 0x0000000085600000, 0x0000000085700000|  0%| F|  |TS  0|AC  0|TAMS 0x0000000085600000, 0x0000000085600000|
|  57|0x0000000085700000, 0x0000000085700000, 0x0000000085800000|  0%| F|  |TS  0|AC  0|TAMS 0x0000000085700000, 0x0000000085700000|
|  58|0x0000000085800000, 0x0000000085800000, 0x0000000085900000|  0%| F|  |TS  0|AC  0|TAMS 0x0000000085800000, 0x0000000085800000|
|  59|0x0000000085900000, 0x0000000085900000, 0x0000000085a00000|  0%| F|  |TS  0|AC  0|TAMS 0x0000000085900000, 0x0000000085900000|
|  60|0x0000000085a00000, 0x0000000085a00000, 0x0000000085b00000|  0%| F|  |TS  0|AC  0|TAMS 0x0000000085a00000, 0x0000000085a00000|
|  61|0x0000000085b00000, 0x0000000085b00000, 0x0000000085c00000|  0%| F|  |TS  0|AC  0|TAMS 0x0000000085b00000, 0x0000000085b00000|
|  62|0x0000000085c00000, 0x0000000085c00000, 0x0000000085d00000|  0%| F|  |TS  0|AC  0|TAMS 0x0000000085c00000, 0x0000000085c00000|
|  63|0x0000000085d00000, 0x0000000085d00000, 0x0000000085e00000|  0%| F|  |TS  0|AC  0|TAMS 0x0000000085d00000, 0x0000000085d00000|
|  64|0x0000000085e00000, 0x0000000085e00000, 0x0000000085f00000|  0%| F|  |TS  0|AC  0|TAMS 0x0000000085e00000, 0x0000000085e00000|
|  65|0x0000000085f00000, 0x0000000085f00000, 0x0000000086000000|  0%| F|  |TS  0|AC  0|TAMS 0x0000000085f00000, 0x0000000085f00000|
|  66|0x0000000086000000, 0x0000000086000000, 0x0000000086100000|  0%| F|  |TS  0|AC  0|TAMS 0x0000000086000000, 0x0000000086000000|
|  67|0x0000000086100000, 0x0000000086100000, 0x0000000086200000|  0%| F|  |TS  0|AC  0|TAMS 0x0000000086100000, 0x0000000086100000|
|  68|0x0000000086200000, 0x0000000086200000, 0x0000000086300000|  0%| F|  |TS  0|AC  0|TAMS 0x0000000086200000, 0x0000000086200000|
|  69|0x0000000086300000, 0x0000000086300000, 0x0000000086400000|  0%| F|  |TS  0|AC  0|TAMS 0x0000000086300000, 0x0000000086300000|
|  70|0x0000000086400000, 0x0000000086400000, 0x0000000086500000|  0%| F|  |TS  0|AC  0|TAMS 0x0000000086400000, 0x0000000086400000|
|  71|0x0000000086500000, 0x0000000086500000, 0x0000000086600000|  0%| F|  |TS  0|AC  0|TAMS 0x0000000086500000, 0x0000000086500000|
|  72|0x0000000086600000, 0x0000000086600000, 0x0000000086700000|  0%| F|  |TS  0|AC  0|TAMS 0x0000000086600000, 0x0000000086600000|
|  73|0x0000000086700000, 0x0000000086700000, 0x0000000086800000|  0%| F|  |TS  0|AC  0|TAMS 0x0000000086700000, 0x0000000086700000|
|  74|0x0000000086800000, 0x0000000086800000, 0x0000000086900000|  0%| F|  |TS  0|AC  0|TAMS 0x0000000086800000, 0x0000000086800000|
|  75|0x0000000086900000, 0x0000000086900000, 0x0000000086a00000|  0%| F|  |TS  0|AC  0|TAMS 0x0000000086900000, 0x0000000086900000|
|  76|0x0000000086a00000, 0x0000000086a00000, 0x0000000086b00000|  0%| F|  |TS  0|AC  0|TAMS 0x0000000086a00000, 0x0000000086a00000|
|  77|0x0000000086b00000, 0x0000000086b00000, 0x0000000086c00000|  0%| F|  |TS  0|AC  0|TAMS 0x0000000086b00000, 0x0000000086b00000|
|  78|0x0000000086c00000, 0x0000000086c00000, 0x0000000086d00000|  0%| F|  |TS  0|AC  0|TAMS 0x0000000086c00000, 0x0000000086c00000|
|  79|0x0000000086d00000, 0x0000000086d00000, 0x0000000086e00000|  0%| F|  |TS  0|AC  0|TAMS 0x0000000086d00000, 0x0000000086d00000|
|  80|0x0000000086e00000, 0x0000000086e00000, 0x0000000086f00000|  0%| F|  |TS  0|AC  0|TAMS 0x0000000086e00000, 0x0000000086e00000|
|  81|0x0000000086f00000, 0x0000000086f00000, 0x0000000087000000|  0%| F|  |TS  0|AC  0|TAMS 0x0000000086f00000, 0x0000000086f00000|
|  82|0x0000000087000000, 0x0000000087000000, 0x0000000087100000|  0%| F|  |TS  0|AC  0|TAMS 0x0000000087000000, 0x0000000087000000|
|  83|0x0000000087100000, 0x0000000087100000, 0x0000000087200000|  0%| F|  |TS  0|AC  0|TAMS 0x0000000087100000, 0x0000000087100000|
|  84|0x0000000087200000, 0x0000000087200000, 0x0000000087300000|  0%| F|  |TS  0|AC  0|TAMS 0x0000000087200000, 0x0000000087200000|
|  85|0x0000000087300000, 0x0000000087300000, 0x0000000087400000|  0%| F|  |TS  0|AC  0|TAMS 0x0000000087300000, 0x0000000087300000|
|  86|0x0000000087400000, 0x0000000087400000, 0x0000000087500000|  0%| F|  |TS  0|AC  0|TAMS 0x0000000087400000, 0x0000000087400000|
|  87|0x0000000087500000, 0x0000000087500000, 0x0000000087600000|  0%| F|  |TS  0|AC  0|TAMS 0x0000000087500000, 0x0000000087500000|
|  88|0x0000000087600000, 0x0000000087600000, 0x0000000087700000|  0%| F|  |TS  0|AC  0|TAMS 0x0000000087600000, 0x0000000087600000|
|  89|0x0000000087700000, 0x0000000087700000, 0x0000000087800000|  0%| F|  |TS  0|AC  0|TAMS 0x0000000087700000, 0x0000000087700000|
|  90|0x0000000087800000, 0x0000000087800000, 0x0000000087900000|  0%| F|  |TS  0|AC  0|TAMS 0x0000000087800000, 0x0000000087800000|
|  91|0x0000000087900000, 0x0000000087900000, 0x0000000087a00000|  0%| F|  |TS  0|AC  0|TAMS 0x0000000087900000, 0x0000000087900000|
|  92|0x0000000087a00000, 0x0000000087a00000, 0x0000000087b00000|  0%| F|  |TS  0|AC  0|TAMS 0x0000000087a00000, 0x0000000087a00000|
|  93|0x0000000087b00000, 0x0000000087b00000, 0x0000000087c00000|  0%| F|  |TS  0|AC  0|TAMS 0x0000000087b00000, 0x0000000087b00000|
|  94|0x0000000087c00000, 0x0000000087c00000, 0x0000000087d00000|  0%| F|  |TS  0|AC  0|TAMS 0x0000000087c00000, 0x0000000087c00000|
|  95|0x0000000087d00000, 0x0000000087d00000, 0x0000000087e00000|  0%| F|  |TS  0|AC  0|TAMS 0x0000000087d00000, 0x0000000087d00000|
|  96|0x0000000087e00000, 0x0000000087e00000, 0x0000000087f00000|  0%| F|  |TS  0|AC  0|TAMS 0x0000000087e00000, 0x0000000087e00000|
|  97|0x0000000087f00000, 0x0000000087f00000, 0x0000000088000000|  0%| F|  |TS  0|AC  0|TAMS 0x0000000087f00000, 0x0000000087f00000|
|  98|0x0000000088000000, 0x0000000088000000, 0x0000000088100000|  0%| F|  |TS  0|AC  0|TAMS 0x0000000088000000, 0x0000000088000000|
|  99|0x0000000088100000, 0x0000000088100000, 0x0000000088200000|  0%| F|  |TS  0|AC  0|TAMS 0x0000000088100000, 0x0000000088100000|
| 100|0x0000000088200000, 0x0000000088200000, 0x0000000088300000|  0%| F|  |TS  0|AC  0|TAMS 0x0000000088200000, 0x0000000088200000|
| 101|0x0000000088300000, 0x0000000088300000, 0x0000000088400000|  0%| F|  |TS  0|AC  0|TAMS 0x0000000088300000, 0x0000000088300000|
| 102|0x0000000088400000, 0x0000000088400000, 0x0000000088500000|  0%| F|  |TS  0|AC  0|TAMS 0x0000000088400000, 0x0000000088400000|
| 103|0x0000000088500000, 0x0000000088500000, 0x0000000088600000|  0%| F|  |TS  0|AC  0|TAMS 0x0000000088500000, 0x0000000088500000|
| 104|0x0000000088600000, 0x0000000088600000, 0x0000000088700000|  0%| F|  |TS  0|AC  0|TAMS 0x0000000088600000, 0x0000000088600000|
| 105|0x0000000088700000, 0x0000000088700000, 0x0000000088800000|  0%| F|  |TS  0|AC  0|TAMS 0x0000000088700000, 0x0000000088700000|
| 106|0x0000000088800000, 0x0000000088800000, 0x0000000088900000|  0%| F|  |TS  0|AC  0|TAMS 0x0000000088800000, 0x0000000088800000|
| 107|0x0000000088900000, 0x0000000088900000, 0x0000000088a00000|  0%| F|  |TS  0|AC  0|TAMS 0x0000000088900000, 0x0000000088900000|
| 108|0x0000000088a00000, 0x0000000088a00000, 0x0000000088b00000|  0%| F|  |TS  0|AC  0|TAMS 0x0000000088a00000, 0x0000000088a00000|
| 109|0x0000000088b00000, 0x0000000088b00000, 0x0000000088c00000|  0%| F|  |TS  0|AC  0|TAMS 0x0000000088b00000, 0x0000000088b00000|
| 110|0x0000000088c00000, 0x0000000088c00000, 0x0000000088d00000|  0%| F|  |TS  0|AC  0|TAMS 0x0000000088c00000, 0x0000000088c00000|
| 111|0x0000000088d00000, 0x0000000088d00000, 0x0000000088e00000|  0%| F|  |TS  0|AC  0|TAMS 0x0000000088d00000, 0x0000000088d00000|
| 112|0x0000000088e00000, 0x0000000088f00000, 0x0000000088f00000|100%| S|CS|TS  1|AC  0|TAMS 0x0000000088e00000, 0x0000000088e00000|
| 113|0x0000000088f00000, 0x0000000089000000, 0x0000000089000000|100%| S|CS|TS  1|AC  0|TAMS 0x0000000088f00000, 0x0000000088f00000|
| 114|0x0000000089000000, 0x0000000089000000, 0x0000000089100000|  0%| F|  |TS  1|AC  0|TAMS 0x0000000089000000, 0x0000000089000000|
| 115|0x0000000089100000, 0x0000000089100000, 0x0000000089200000|  0%| F|  |TS  1|AC  0|TAMS 0x0000000089100000, 0x0000000089100000|
| 116|0x0000000089200000, 0x0000000089200000, 0x0000000089300000|  0%| F|  |TS  1|AC  0|TAMS 0x0000000089200000, 0x0000000089200000|
| 117|0x0000000089300000, 0x0000000089300000, 0x0000000089400000|  0%| F|  |TS  1|AC  0|TAMS 0x0000000089300000, 0x0000000089300000|
| 118|0x0000000089400000, 0x0000000089400000, 0x0000000089500000|  0%| F|  |TS  1|AC  0|TAMS 0x0000000089400000, 0x0000000089400000|
| 119|0x0000000089500000, 0x0000000089500000, 0x0000000089600000|  0%| F|  |TS  1|AC  0|TAMS 0x0000000089500000, 0x0000000089500000|
| 120|0x0000000089600000, 0x0000000089600000, 0x0000000089700000|  0%| F|  |TS  1|AC  0|TAMS 0x0000000089600000, 0x0000000089600000|
| 121|0x0000000089700000, 0x0000000089700000, 0x0000000089800000|  0%| F|  |TS  1|AC  0|TAMS 0x0000000089700000, 0x0000000089700000|
| 122|0x0000000089800000, 0x0000000089800000, 0x0000000089900000|  0%| F|  |TS  1|AC  0|TAMS 0x0000000089800000, 0x0000000089800000|
| 123|0x0000000089900000, 0x0000000089900000, 0x0000000089a00000|  0%| F|  |TS  1|AC  0|TAMS 0x0000000089900000, 0x0000000089900000|
| 124|0x0000000089a00000, 0x0000000089a00000, 0x0000000089b00000|  0%| F|  |TS  1|AC  0|TAMS 0x0000000089a00000, 0x0000000089a00000|
| 125|0x0000000089b00000, 0x0000000089c00000, 0x0000000089c00000|100%| E|  |TS  1|AC  0|TAMS 0x0000000089b00000, 0x0000000089b00000|
| 126|0x0000000089c00000, 0x0000000089d00000, 0x0000000089d00000|100%| E|CS|TS  1|AC  0|TAMS 0x0000000089c00000, 0x0000000089c00000|
| 127|0x0000000089d00000, 0x0000000089e00000, 0x0000000089e00000|100%| E|CS|TS  1|AC  0|TAMS 0x0000000089d00000, 0x0000000089d00000|

Card table byte_map: [0x0000017970a00000,0x0000017970e00000] byte_map_base: 0x00000179705f1000

Marking Bits (Prev, Next): (CMBitMap*) 0x0000017954dc4250, (CMBitMap*) 0x0000017954dc4288
 Prev Bits: [0x0000017971200000, 0x0000017973188000)
 Next Bits: [0x0000017973190000, 0x0000017975118000)

Polling page: 0x0000017954c30000

CodeHeap 'non-profiled nmethods': size=120064Kb used=476Kb max_used=476Kb free=119588Kb
 bounds [0x00000179686a0000, 0x0000017968910000, 0x000001796fbe0000]
CodeHeap 'profiled nmethods': size=120000Kb used=1567Kb max_used=1567Kb free=118432Kb
 bounds [0x0000017961170000, 0x00000179613e0000, 0x00000179686a0000]
CodeHeap 'non-nmethods': size=5696Kb used=1314Kb max_used=1328Kb free=4381Kb
 bounds [0x0000017960be0000, 0x0000017960e50000, 0x0000017961170000]
 total_blobs=1647 nmethods=919 adapters=433
 compilation: enabled

Compilation events (10 events):
Event: 1.807 Thread 0x0000017978018800  909       4       sun.invoke.util.VerifyAccess::isSamePackage (60 bytes)
Event: 1.815 Thread 0x0000017978089800  912       3       java.lang.invoke.InvokerBytecodeGenerator::emitReturnInsn (126 bytes)
Event: 1.816 Thread 0x0000017978089800 nmethod 912 0x00000179612f5210 code [0x00000179612f54c0, 0x00000179612f63f0]
Event: 1.820 Thread 0x0000017978089800  917       3       java.lang.invoke.MethodHandle::asType (28 bytes)
Event: 1.820 Thread 0x0000017978089800 nmethod 917 0x00000179612f6890 code [0x00000179612f6a60, 0x00000179612f6e10]
Event: 1.825 Thread 0x0000017978018800 nmethod 909 0x0000017968715a10 code [0x0000017968715c60, 0x00000179687168c8]
Event: 20.578 Thread 0x0000017978089800  918       3       java.lang.invoke.DirectMethodHandle$Holder::invokeStatic (20 bytes)
Event: 20.579 Thread 0x0000017978089800 nmethod 918 0x00000179612f6f10 code [0x00000179612f70e0, 0x00000179612f7640]
Event: 20.579 Thread 0x0000017978089800  919       3       java.lang.StringConcatHelper::prepend (16 bytes)
Event: 20.579 Thread 0x0000017978089800 nmethod 919 0x00000179612f7790 code [0x00000179612f7960, 0x00000179612f7d70]

GC Heap History (2 events):
Event: 1.741 GC heap before
{Heap before GC invocations=0 (full 0):
 garbage-first heap   total 131072K, used 14336K [0x0000000081e00000, 0x0000000081f00400, 0x0000000100000000)
  region size 1024K, 14 young (14336K), 0 survivors (0K)
 Metaspace       used 11268K, capacity 12606K, committed 12800K, reserved 1060864K
  class space    used 1217K, capacity 1504K, committed 1536K, reserved 1048576K
}
Event: 1.745 GC heap after
{Heap after GC invocations=1 (full 0):
 garbage-first heap   total 131072K, used 2655K [0x0000000081e00000, 0x0000000081f00400, 0x0000000100000000)
  region size 1024K, 2 young (2048K), 2 survivors (2048K)
 Metaspace       used 11268K, capacity 12606K, committed 12800K, reserved 1060864K
  class space    used 1217K, capacity 1504K, committed 1536K, reserved 1048576K
}

Deoptimization events (3 events):
Event: 0.356 Thread 0x0000017954d2c000 Uncommon trap: reason=unstable_if action=reinterpret pc=0x00000179686a287c method=java.lang.String.charAt(I)C @ 4 c2
Event: 1.746 Thread 0x0000017954d2c000 Uncommon trap: reason=unstable_if action=reinterpret pc=0x00000179686ec798 method=java.lang.ref.ReferenceQueue.poll()Ljava/lang/ref/Reference; @ 4 c2
Event: 1.816 Thread 0x0000017954d2c000 Uncommon trap: reason=intrinsic_or_type_checked_inlining action=make_not_entrant pc=0x0000017968711cac method=java.util.Arrays.copyOf([Ljava/lang/Object;ILjava/lang/Class;)[Ljava/lang/Object; @ 35 c2

Classes redefined (5 events):
Event: 327.125 Thread 0x0000017977fb3000 redefined class name=Voronoi, count=1
Event: 500.922 Thread 0x0000017977fb3000 redefined class name=Voronoi, count=2
Event: 569.532 Thread 0x0000017977fb3000 redefined class name=Voronoi, count=3
Event: 1185.333 Thread 0x0000017977fb3000 redefined class name=Voronoi, count=4
Event: 1247.342 Thread 0x0000017977fb3000 redefined class name=Voronoi, count=5

Internal exceptions (10 events):
Event: 1.735 Thread 0x0000017954d2c000 Exception <a 'java/lang/NoSuchMethodError'{0x0000000089089270}: method resolution failed> (0x0000000089089270) thrown at [t:/workspace/hotspot/src/share/vm/prims/methodHandles.cpp, line 1256]
Event: 1.738 Thread 0x0000017954d2c000 Exception <a 'java/lang/NoSuchMethodError'{0x00000000890e67c0}: method resolution failed> (0x00000000890e67c0) thrown at [t:/workspace/hotspot/src/share/vm/prims/methodHandles.cpp, line 1256]
Event: 1.740 Thread 0x0000017954d2c000 Exception <a 'java/lang/NoSuchMethodError'{0x00000000890fd298}: method resolution failed> (0x00000000890fd298) thrown at [t:/workspace/hotspot/src/share/vm/prims/methodHandles.cpp, line 1256]
Event: 1.772 Thread 0x0000017954d2c000 Exception <a 'java/lang/NoSuchMethodError'{0x0000000089c05da8}: java.lang.invoke.DirectMethodHandle$Holder.invokeSpecial(Ljava/lang/Object;Ljava/lang/Object;IIILjava/lang/Object;III)Ljava/lang/Object;> (0x0000000089c05da8) thrown at [t:/workspace/hotspot/
Event: 1.773 Thread 0x0000017954d2c000 Exception <a 'java/lang/NoSuchMethodError'{0x0000000089c09088}: java.lang.invoke.DelegatingMethodHandle$Holder.reinvoke_L(Ljava/lang/Object;IIILjava/lang/Object;III)Ljava/lang/Object;> (0x0000000089c09088) thrown at [t:/workspace/hotspot/src/share/vm/inte
Event: 1.783 Thread 0x0000017954d2c000 Exception <a 'java/lang/NoSuchMethodError'{0x0000000089c39570}: method resolution failed> (0x0000000089c39570) thrown at [t:/workspace/hotspot/src/share/vm/prims/methodHandles.cpp, line 1256]
Event: 1.810 Thread 0x0000017954d2c000 Exception <a 'java/lang/NoSuchMethodError'{0x0000000089b3a958}: java.lang.invoke.DirectMethodHandle$Holder.invokeSpecial(Ljava/lang/Object;Ljava/lang/Object;IIILjava/lang/Object;Ljava/lang/Object;I)Ljava/lang/Object;> (0x0000000089b3a958) thrown at [t:/wo
Event: 1.811 Thread 0x0000017954d2c000 Exception <a 'java/lang/NoSuchMethodError'{0x0000000089b3dcf8}: java.lang.invoke.DelegatingMethodHandle$Holder.reinvoke_L(Ljava/lang/Object;IIILjava/lang/Object;Ljava/lang/Object;I)Ljava/lang/Object;> (0x0000000089b3dcf8) thrown at [t:/workspace/hotspot/s
Event: 1.817 Thread 0x0000017954d2c000 Exception <a 'java/lang/NoSuchMethodError'{0x0000000089b5fdc8}: method resolution failed> (0x0000000089b5fdc8) thrown at [t:/workspace/hotspot/src/share/vm/prims/methodHandles.cpp, line 1256]
Event: 1.818 Thread 0x0000017954d2c000 Exception <a 'java/lang/NoSuchMethodError'{0x0000000089b69e18}: java.lang.invoke.DirectMethodHandle$Holder.invokeSpecial(Ljava/lang/Object;Ljava/lang/Object;Ljava/lang/Object;Ljava/lang/Object;I)Ljava/lang/Object;> (0x0000000089b69e18) thrown at [t:/works

Events (10 events):
Event: 1247.344 Executing VM operation: RedefineClasses done
Event: 1247.344 Executing VM operation: GetFrameCount
Event: 1247.345 Executing VM operation: GetFrameCount done
Event: 1247.345 Executing VM operation: GetFrameCount
Event: 1247.345 Executing VM operation: GetFrameCount done
Event: 1247.345 Executing VM operation: GetFrameLocation
Event: 1247.345 Executing VM operation: GetFrameLocation done
Event: 1247.345 Executing VM operation: GetFrameLocation
Event: 1247.345 Executing VM operation: GetFrameLocation done
Event: 1247.345 Executing VM operation: GetOrSetLocal


Dynamic libraries:
0x00007ff6b3d70000 - 0x00007ff6b3dae000 	C:\Program Files\Java\jdk-9.0.1\bin\java.exe
0x00007ff991fe0000 - 0x00007ff9921bb000 	C:\windows\SYSTEM32\ntdll.dll
0x00007ff991220000 - 0x00007ff9912ce000 	C:\windows\System32\KERNEL32.DLL
0x00007ff98eb00000 - 0x00007ff98ed49000 	C:\windows\System32\KERNELBASE.dll
0x00007ff991f30000 - 0x00007ff991fd1000 	C:\windows\System32\ADVAPI32.dll
0x00007ff991d40000 - 0x00007ff991ddd000 	C:\windows\System32\msvcrt.dll
0x00007ff990e50000 - 0x00007ff990ea9000 	C:\windows\System32\sechost.dll
0x00007ff991720000 - 0x00007ff991845000 	C:\windows\System32\RPCRT4.dll
0x00007ff990eb0000 - 0x00007ff990ffa000 	C:\windows\System32\USER32.dll
0x00007ff98f520000 - 0x00007ff98f53e000 	C:\windows\System32\win32u.dll
0x00007ff991f00000 - 0x00007ff991f27000 	C:\windows\System32\GDI32.dll
0x00007ff98e780000 - 0x00007ff98e908000 	C:\windows\System32\gdi32full.dll
0x00007ff98e910000 - 0x00007ff98e9aa000 	C:\windows\System32\msvcp_win.dll
0x00007ff98ea00000 - 0x00007ff98eaf6000 	C:\windows\System32\ucrtbase.dll
0x00007ff9809b0000 - 0x00007ff980c17000 	C:\windows\WinSxS\amd64_microsoft.windows.common-controls_6595b64144ccf1df_6.0.15063.483_none_26002d27e7c744a2\COMCTL32.dll
0x00007ff9814d0000 - 0x00007ff9814da000 	C:\windows\SYSTEM32\VERSION.dll
0x00007ff991380000 - 0x00007ff991679000 	C:\windows\System32\combase.dll
0x00007ff98f450000 - 0x00007ff98f4ba000 	C:\windows\System32\bcryptPrimitives.dll
0x00007ff98f540000 - 0x00007ff98f56d000 	C:\windows\System32\IMM32.DLL
0x00007ff979ab0000 - 0x00007ff979b9f000 	C:\Program Files\Java\jdk-9.0.1\bin\msvcr120.dll
0x00007ff985910000 - 0x00007ff9859b6000 	C:\Program Files\Java\jdk-9.0.1\bin\msvcp120.dll
0x0000000067c20000 - 0x0000000068644000 	C:\Program Files\Java\jdk-9.0.1\bin\server\jvm.dll
0x00007ff991850000 - 0x00007ff991858000 	C:\windows\System32\PSAPI.DLL
0x00007ff980400000 - 0x00007ff980409000 	C:\windows\SYSTEM32\WSOCK32.dll
0x00007ff991310000 - 0x00007ff99137c000 	C:\windows\System32\WS2_32.dll
0x00007ff98c990000 - 0x00007ff98c9b3000 	C:\windows\SYSTEM32\WINMM.dll
0x00007ff98c960000 - 0x00007ff98c98b000 	C:\windows\SYSTEM32\WINMMBASE.dll
0x00007ff98e9b0000 - 0x00007ff98e9f9000 	C:\windows\System32\cfgmgr32.dll
0x00007ff98ca20000 - 0x00007ff98ca2f000 	C:\Program Files\Java\jdk-9.0.1\bin\verify.dll
0x00007ff98b790000 - 0x00007ff98b7b7000 	C:\Program Files\Java\jdk-9.0.1\bin\java.dll
0x00007ff986660000 - 0x00007ff986696000 	C:\Program Files\Java\jdk-9.0.1\bin\jdwp.dll
0x00007ff98ca00000 - 0x00007ff98ca16000 	C:\Program Files\Java\jdk-9.0.1\bin\zip.dll
0x00007ff98b7d0000 - 0x00007ff98b7da000 	C:\Program Files\Java\jdk-9.0.1\bin\jimage.dll
0x00007ff98fa10000 - 0x00007ff990e47000 	C:\windows\System32\SHELL32.dll
0x00007ff991b20000 - 0x00007ff991bca000 	C:\windows\System32\shcore.dll
0x00007ff98ed50000 - 0x00007ff98f442000 	C:\windows\System32\windows.storage.dll
0x00007ff98f9b0000 - 0x00007ff98fa01000 	C:\windows\System32\shlwapi.dll
0x00007ff98e4e0000 - 0x00007ff98e4f1000 	C:\windows\System32\kernel.appcore.dll
0x00007ff98e450000 - 0x00007ff98e49c000 	C:\windows\System32\powrprof.dll
0x00007ff98e4a0000 - 0x00007ff98e4b5000 	C:\windows\System32\profapi.dll
0x00007ff98b730000 - 0x00007ff98b74a000 	C:\Program Files\Java\jdk-9.0.1\bin\net.dll
0x00007ff97c1b0000 - 0x00007ff97c287000 	C:\windows\SYSTEM32\WINHTTP.dll
0x00007ff98dd00000 - 0x00007ff98dd5c000 	C:\windows\system32\mswsock.dll
0x00007ff97f980000 - 0x00007ff97f991000 	C:\Program Files\Java\jdk-9.0.1\bin\nio.dll
0x00007ff97f970000 - 0x00007ff97f97a000 	C:\Program Files\Java\jdk-9.0.1\bin\dt_socket.dll
0x00007ff95f9c0000 - 0x00007ff95fb59000 	C:\Program Files\Java\jdk-9.0.1\bin\awt.dll
0x00007ff991de0000 - 0x00007ff991ea0000 	C:\windows\System32\OLEAUT32.dll
0x00007ff98bb10000 - 0x00007ff98c0b4000 	C:\windows\SYSTEM32\d2d1.dll
0x00007ff98e500000 - 0x00007ff98e6c9000 	C:\windows\System32\CRYPT32.dll
0x00007ff98e4c0000 - 0x00007ff98e4d1000 	C:\windows\System32\MSASN1.dll
0x00007ff98c8b0000 - 0x00007ff98c92e000 	C:\windows\SYSTEM32\apphelp.dll
0x00007ff98c820000 - 0x00007ff98c84a000 	C:\windows\system32\DWMAPI.DLL
0x00007ff98cc70000 - 0x00007ff98cd05000 	C:\windows\system32\uxtheme.dll
0x00007ff9768d0000 - 0x00007ff9769f1000 	C:\windows\system32\opengl32.dll
0x00007ff97fe40000 - 0x00007ff97fe6c000 	C:\windows\SYSTEM32\GLU32.dll
0x00007ff9919b0000 - 0x00007ff991b16000 	C:\windows\System32\MSCTF.dll
0x00007ff980e80000 - 0x00007ff980f21000 	C:\Program Files\Common Files\microsoft shared\ink\tiptsf.dll
0x00007ff991860000 - 0x00007ff9919a5000 	C:\windows\System32\ole32.dll
0x00007ff98a5e0000 - 0x00007ff98a789000 	C:\windows\SYSTEM32\dbghelp.dll

VM Arguments:
jvm_args: -agentlib:jdwp=transport=dt_socket,address=127.0.0.1:55734,suspend=y,server=n -Dfile.encoding=UTF-8 
java_command: Voronoi
java_class_path (initial): C:\Users\Andrew\Documents\Contour-Line-Completer\out\production\Contour-Line-Completer;C:\Program Files\JetBrains\IntelliJ IDEA Community Edition 2017.2.6\plugins\Kotlin\kotlinc\lib\kotlin-stdlib.jar;C:\Program Files\JetBrains\IntelliJ IDEA Community Edition 2017.2.6\plugins\Kotlin\kotlinc\lib\kotlin-reflect.jar;C:\Program Files\JetBrains\IntelliJ IDEA Community Edition 2017.2.6\plugins\Kotlin\kotlinc\lib\kotlin-test.jar;C:\Program Files\JetBrains\IntelliJ IDEA Community Edition 2017.2.6\plugins\Kotlin\kotlinc\lib\kotlin-stdlib-jre7.jar;C:\Program Files\JetBrains\IntelliJ IDEA Community Edition 2017.2.6\plugins\Kotlin\kotlinc\lib\kotlin-stdlib-jre8.jar;C:\Program Files\JetBrains\IntelliJ IDEA Community Edition 2017.2.6\lib\idea_rt.jar
Launcher Type: SUN_STANDARD

Logging:
Log output configuration:
#0: stdout all=warning uptime,level,tags
#1: stderr all=off uptime,level,tags

Environment Variables:
PATH=C:\Program Files (x86)\Intel\iCLS Client\;C:\Program Files\Intel\iCLS Client\;C:\windows\system32;C:\windows;C:\windows\System32\Wbem;C:\windows\System32\WindowsPowerShell\v1.0\;C:\Program Files (x86)\Intel\Intel(R) Management Engine Components\DAL;C:\Program Files\Intel\Intel(R) Management Engine Components\DAL;C:\Program Files (x86)\Intel\Intel(R) Management Engine Components\IPT;C:\Program Files\Intel\Intel(R) Management Engine Components\IPT;C:\Program Files\Git\cmd;C:\Program Files\Java\jdk-9.0.1\bin;C:\Users\Andrew\AppData\Local\Microsoft\WindowsApps;
USERNAME=Andrew
OS=Windows_NT
PROCESSOR_IDENTIFIER=Intel64 Family 6 Model 142 Stepping 9, GenuineIntel



---------------  S Y S T E M  ---------------

OS: Windows 10 , 64 bit Build 15063 (10.0.15063.296)

CPU:total 4 (initial active 4) (2 cores per cpu, 2 threads per core) family 6 model 142 stepping 9, cmov, cx8, fxsr, mmx, sse, sse2, sse3, ssse3, sse4.1, sse4.2, popcnt, avx, avx2, aes, clmul, erms, 3dnowpref, lzcnt, ht, tsc, tscinvbit, bmi1, bmi2, adx, fma

Memory: 4k page, physical 8258212k(3919024k free), swap 10224292k(5027676k free)

vm_info: Java HotSpot(TM) 64-Bit Server VM (9.0.1+11) for windows-amd64 JRE (9.0.1+11), built on Sep 28 2017 04:54:03 by "mach5one" with MS VC++ 12.0 (VS2013)

END.
